c:\users\tomma\documents\università\programmazione grafica\laboratorio\opengl\esercizi\first_project_window\first_project_window\x64\debug\vc142.pdb
c:\users\tomma\documents\università\programmazione grafica\laboratorio\opengl\esercizi\first_project_window\first_project_window\x64\debug\vc142.idb
c:\users\tomma\documents\università\programmazione grafica\laboratorio\opengl\esercizi\first_project_window\first_project_window\x64\debug\glad.obj
c:\users\tomma\documents\università\programmazione grafica\laboratorio\opengl\esercizi\first_project_window\first_project_window\x64\debug\esercizio_3_texture.obj
c:\users\tomma\documents\università\programmazione grafica\laboratorio\opengl\esercizi\first_project_window\first_project_window\x64\debug\coordinate_systems_depth.obj
c:\users\tomma\documents\università\programmazione grafica\laboratorio\opengl\esercizi\first_project_window\first_project_window\x64\debug\colors.obj
c:\users\tomma\documents\università\programmazione grafica\laboratorio\opengl\esercizi\first_project_window\first_project_window\x64\debug\basic_lighting_diffuse.obj
c:\users\tomma\documents\università\programmazione grafica\laboratorio\opengl\esercizi\first_project_window\first_project_window\x64\debug\basic_lighting_specular.obj
c:\users\tomma\documents\università\programmazione grafica\laboratorio\opengl\esercizi\first_project_window\first_project_window\x64\debug\basic_lighting_exercise1.obj
c:\users\tomma\documents\università\programmazione grafica\laboratorio\opengl\esercizi\first_project_window\first_project_window\x64\debug\materials.obj
c:\users\tomma\documents\università\programmazione grafica\laboratorio\opengl\esercizi\first_project_window\first_project_window\x64\debug\lighting_maps_specular.obj
c:\users\tomma\documents\università\programmazione grafica\laboratorio\opengl\esercizi\first_project_window\first_project_window\x64\debug\light_casters_directional.obj
c:\users\tomma\documents\università\programmazione grafica\laboratorio\opengl\esercizi\first_project_window\first_project_window\x64\debug\light_casters_point.obj
c:\users\tomma\documents\università\programmazione grafica\laboratorio\opengl\esercizi\first_project_window\first_project_window\x64\debug\light_casters_spot.obj
c:\users\tomma\documents\università\programmazione grafica\laboratorio\opengl\esercizi\first_project_window\first_project_window\x64\debug\multiple_lights.obj
c:\users\tomma\documents\università\programmazione grafica\laboratorio\opengl\esercizi\first_project_window\first_project_window\x64\debug\camera_circle.obj
c:\users\tomma\documents\università\programmazione grafica\laboratorio\opengl\esercizi\first_project_window\first_project_window\x64\debug\camera_keyboard_dt.obj
c:\users\tomma\documents\università\programmazione grafica\laboratorio\opengl\esercizi\first_project_window\first_project_window\x64\debug\camera_mouse_zoom.obj
c:\users\tomma\documents\università\programmazione grafica\laboratorio\opengl\esercizi\first_project_window\first_project_window\x64\debug\model_loading.obj
c:\users\tomma\documents\università\programmazione grafica\laboratorio\opengl\esercizi\first_project_window\x64\debug\first_project_window.exe
c:\users\tomma\documents\università\programmazione grafica\laboratorio\opengl\esercizi\first_project_window\x64\debug\first_project_window.ilk
c:\users\tomma\documents\università\programmazione grafica\laboratorio\opengl\esercizi\first_project_window\x64\debug\first_project_window.pdb
c:\users\tomma\documents\università\programmazione grafica\laboratorio\opengl\esercizi\first_project_window\first_project_window\x64\debug\camera_class.obj
c:\users\tomma\documents\università\programmazione grafica\laboratorio\opengl\esercizi\first_project_window\first_project_window\x64\debug\coordinate_systems.obj
c:\users\tomma\documents\università\programmazione grafica\laboratorio\opengl\esercizi\first_project_window\first_project_window\x64\debug\coordinate_systems_multiple.obj
c:\users\tomma\documents\università\programmazione grafica\laboratorio\opengl\esercizi\first_project_window\first_project_window\x64\debug\gouraud.obj
c:\users\tomma\documents\università\programmazione grafica\laboratorio\opengl\esercizi\first_project_window\first_project_window\x64\debug\spaziovista.obj
c:\users\tomma\documents\università\programmazione grafica\laboratorio\opengl\esercizi\first_project_window\first_project_window\x64\debug\transformations.obj
c:\users\tomma\documents\università\programmazione grafica\laboratorio\opengl\esercizi\first_project_window\first_project_window\x64\debug\first_pr.0ee44df2.tlog\cl.command.1.tlog
c:\users\tomma\documents\università\programmazione grafica\laboratorio\opengl\esercizi\first_project_window\first_project_window\x64\debug\first_pr.0ee44df2.tlog\cl.read.1.tlog
c:\users\tomma\documents\università\programmazione grafica\laboratorio\opengl\esercizi\first_project_window\first_project_window\x64\debug\first_pr.0ee44df2.tlog\cl.write.1.tlog
c:\users\tomma\documents\università\programmazione grafica\laboratorio\opengl\esercizi\first_project_window\first_project_window\x64\debug\first_pr.0ee44df2.tlog\link-cvtres.read.1.tlog
c:\users\tomma\documents\università\programmazione grafica\laboratorio\opengl\esercizi\first_project_window\first_project_window\x64\debug\first_pr.0ee44df2.tlog\link-cvtres.write.1.tlog
c:\users\tomma\documents\università\programmazione grafica\laboratorio\opengl\esercizi\first_project_window\first_project_window\x64\debug\first_pr.0ee44df2.tlog\link-rc.read.1.tlog
c:\users\tomma\documents\università\programmazione grafica\laboratorio\opengl\esercizi\first_project_window\first_project_window\x64\debug\first_pr.0ee44df2.tlog\link-rc.write.1.tlog
c:\users\tomma\documents\università\programmazione grafica\laboratorio\opengl\esercizi\first_project_window\first_project_window\x64\debug\first_pr.0ee44df2.tlog\link.15860-cvtres.read.1.tlog
c:\users\tomma\documents\università\programmazione grafica\laboratorio\opengl\esercizi\first_project_window\first_project_window\x64\debug\first_pr.0ee44df2.tlog\link.15860-cvtres.write.1.tlog
c:\users\tomma\documents\università\programmazione grafica\laboratorio\opengl\esercizi\first_project_window\first_project_window\x64\debug\first_pr.0ee44df2.tlog\link.15860-rc.read.1.tlog
c:\users\tomma\documents\università\programmazione grafica\laboratorio\opengl\esercizi\first_project_window\first_project_window\x64\debug\first_pr.0ee44df2.tlog\link.15860-rc.write.1.tlog
c:\users\tomma\documents\università\programmazione grafica\laboratorio\opengl\esercizi\first_project_window\first_project_window\x64\debug\first_pr.0ee44df2.tlog\link.15860.read.1.tlog
c:\users\tomma\documents\università\programmazione grafica\laboratorio\opengl\esercizi\first_project_window\first_project_window\x64\debug\first_pr.0ee44df2.tlog\link.15860.write.1.tlog
c:\users\tomma\documents\università\programmazione grafica\laboratorio\opengl\esercizi\first_project_window\first_project_window\x64\debug\first_pr.0ee44df2.tlog\link.command.1.tlog
c:\users\tomma\documents\università\programmazione grafica\laboratorio\opengl\esercizi\first_project_window\first_project_window\x64\debug\first_pr.0ee44df2.tlog\link.read.1.tlog
c:\users\tomma\documents\università\programmazione grafica\laboratorio\opengl\esercizi\first_project_window\first_project_window\x64\debug\first_pr.0ee44df2.tlog\link.write.1.tlog
